Starting project at /Users/Sua/ionstudio/wheeltodo/apps/mobile
Expo Autolinking module resolution enabled
Unable to run simctl:
Error: xcrun simctl help exited with non-zero code: 72
Starting Metro Bundler

Waiting on http://localhost:8081
Logs for your project will appear below.
Web apps/mobile/index.ts ░░░░░░░░░░░░░░░░  0.0% (0/1)
Web Bundled 805ms apps/mobile/index.ts (2412 modules)
 LOG  [web] Logs will appear in the browser console
Web apps/mobile/index.ts ░░░░░░░░░░░░░░░░  0.0% (0/1)
Web Bundled 47ms apps/mobile/index.ts (1 module)
 LOG  [web] Logs will appear in the browser console
Web apps/mobile/index.ts ░░░░░░░░░░░░░░░░  0.0% (0/1)
Web Bundled 45ms apps/mobile/index.ts (1 module)
Web Bundled 32ms apps/mobile/index.ts (1 module)
 LOG  [web] Logs will appear in the browser console
 LOG  [web] Logs will appear in the browser console
Web apps/mobile/index.ts ░░░░░░░░░░░░░░░░  0.0% (0/1)
Web Bundled 31ms apps/mobile/index.ts (1 module)
 LOG  [web] Logs will appear in the browser console
Web apps/mobile/index.ts ░░░░░░░░░░░░░░░░  0.0% (0/1)
Web Bundled 59ms apps/mobile/index.ts (1 module)
 LOG  [web] Logs will appear in the browser console
Web apps/mobile/index.ts ░░░░░░░░░░░░░░░░  0.0% (0/1)
Web Bundled 40ms apps/mobile/index.ts (1 module)
 LOG  [web] Logs will appear in the browser console
Web apps/mobile/index.ts ░░░░░░░░░░░░░░░░  0.0% (0/1)
Web Bundled 41ms apps/mobile/index.ts (1 module)
 LOG  [web] Logs will appear in the browser console
Web Bundled 48ms apps/mobile/index.ts (1 module)
 LOG  [web] Logs will appear in the browser console
Web apps/mobile/index.ts ░░░░░░░░░░░░░░░░  0.0% (0/1)
Web Bundled 67ms apps/mobile/index.ts (1 module)
 LOG  [web] Logs will appear in the browser console
/Users/Sua/ionstudio/wheeltodo/apps/mobile/node_modules/expo/node_modules/@expo/cli/build/src/utils/errors.js:130
    throw error;
    ^

Error: Cannot find module './utils/env'
Require stack:
- /Users/Sua/ionstudio/wheeltodo/apps/mobile/node_modules/expo/node_modules/@expo/cli/build/src/log.js
- /Users/Sua/ionstudio/wheeltodo/apps/mobile/node_modules/expo/node_modules/@expo/cli/build/src/utils/args.js
- /Users/Sua/ionstudio/wheeltodo/apps/mobile/node_modules/expo/node_modules/@expo/cli/build/src/start/index.js
- /Users/Sua/ionstudio/wheeltodo/apps/mobile/node_modules/expo/node_modules/@expo/cli/build/bin/cli
- /Users/Sua/ionstudio/wheeltodo/apps/mobile/node_modules/expo/bin/cli
    at Module._resolveFilename (node:internal/modules/cjs/loader:1475:15)
    at wrapResolveFilename (node:internal/modules/cjs/loader:1048:27)
    at defaultResolveImplForCJSLoading (node:internal/modules/cjs/loader:1072:10)
    at resolveForCJSWithHooks (node:internal/modules/cjs/loader:1093:12)
    at Module._load (node:internal/modules/cjs/loader:1261:25)
    at wrapModuleLoad (node:internal/modules/cjs/loader:255:19)
    at Module.require (node:internal/modules/cjs/loader:1575:12)
    at require (node:internal/modules/helpers:191:16)
    at Object.exception (/Users/Sua/ionstudio/wheeltodo/apps/mobile/node_modules/expo/node_modules/@expo/cli/build/src/log.js:65:21)
    at internalMiddleware (/Users/Sua/ionstudio/wheeltodo/apps/mobile/node_modules/expo/node_modules/@expo/cli/src/start/server/middleware/ExpoMiddleware.ts:46:13)
    at processTicksAndRejections (node:internal/process/task_queues:104:5) {
  code: 'MODULE_NOT_FOUND',
  requireStack: [
    '/Users/Sua/ionstudio/wheeltodo/apps/mobile/node_modules/expo/node_modules/@expo/cli/build/src/log.js',
    '/Users/Sua/ionstudio/wheeltodo/apps/mobile/node_modules/expo/node_modules/@expo/cli/build/src/utils/args.js',
    '/Users/Sua/ionstudio/wheeltodo/apps/mobile/node_modules/expo/node_modules/@expo/cli/build/src/start/index.js',
    '/Users/Sua/ionstudio/wheeltodo/apps/mobile/node_modules/expo/node_modules/@expo/cli/build/bin/cli',
    '/Users/Sua/ionstudio/wheeltodo/apps/mobile/node_modules/expo/bin/cli'
  ]
}

Node.js v25.9.0
